{
  "stats": {
    "suites": 1,
    "tests": 1,
    "passes": 1,
    "pending": 0,
    "failures": 0,
    "start": "2021-10-13T20:12:50.065Z",
    "end": "2021-10-13T20:12:55.072Z",
    "duration": 5007,
    "testsRegistered": 1,
    "passPercent": 100,
    "pendingPercent": 0,
    "other": 0,
    "hasOther": false,
    "skipped": 0,
    "hasSkipped": false
  },
  "results": [
    {
      "uuid": "d0a541d9-146d-4bbb-a036-73b00e91147f",
      "title": "",
      "fullFile": "cypress/integration/cadastro.spec.js",
      "file": "cypress/integration/cadastro.spec.js",
      "beforeHooks": [],
      "afterHooks": [],
      "tests": [],
      "suites": [
        {
          "uuid": "f07aff1e-5e09-4099-a58a-59fbe08be046",
          "title": "Cadastro",
          "fullFile": "",
          "file": "",
          "beforeHooks": [],
          "afterHooks": [],
          "tests": [
            {
              "title": "Quando eu informar os dados e finalizar, então o cadastro deve ser efetuado",
              "fullTitle": "Cadastro Quando eu informar os dados e finalizar, então o cadastro deve ser efetuado",
              "timedOut": null,
              "duration": 3493,
              "state": "passed",
              "speed": "slow",
              "pass": true,
              "fail": false,
              "pending": false,
              "context": null,
              "code": "cy.visit('https://form-agilizei.netlify.app/');\ncy.get('input[name=firstName]').type(chance.first());\ncy.get('input[name=lastName]').type(chance.last());\ncy.get('textarea[name=adress]').type(chance.address());\ncy.get('input[name=emailAdress').type(chance.email());\ncy.get('input[value=n]').check();\ncy.get('input[type=checkbox]').check('Netflix');\ncy.get('input[type=checkbox]').check('Dormir');\ncy.get('select#countries').select('Dinamarca', {\n  force: true\n});\ncy.get('select#years').select('1987', {\n  force: true\n});\ncy.get('select#months').select('Agosto', {\n  force: true\n});\ncy.get('select#days').select('7', {\n  force: true\n});\ncy.get('input#firstpassword').type('Teste123');\ncy.get('input#secondpassword').type('Teste123');\ncy.get('button#submitbtn').click(); //eu espero que minha aplicação seja direcionada para a listagem\n//url\n//deveria conter listagem\n//should contain listagem\ncy.url().should('contain', 'listagem'); //obtém a url da página que está ativa, neste caso, ao dar o click no button submit\n//a aplicação redireciona automaticamente para a página de listagem, dai este \n//comando irá validar se o redirecionamento ocorreu certinho",
              "err": {},
              "uuid": "d1a785a3-9774-47ba-a421-15e691b6dc4e",
              "parentUUID": "f07aff1e-5e09-4099-a58a-59fbe08be046",
              "isHook": false,
              "skipped": false
            }
          ],
          "suites": [],
          "passes": [
            "d1a785a3-9774-47ba-a421-15e691b6dc4e"
          ],
          "failures": [],
          "pending": [],
          "skipped": [],
          "duration": 3493,
          "root": false,
          "rootEmpty": false,
          "_timeout": 2000
        }
      ],
      "passes": [],
      "failures": [],
      "pending": [],
      "skipped": [],
      "duration": 0,
      "root": true,
      "rootEmpty": true,
      "_timeout": 2000
    }
  ],
  "meta": {
    "mocha": {
      "version": "7.0.1"
    },
    "mochawesome": {
      "options": {
        "quiet": true,
        "reportFilename": "mochawesome",
        "saveHtml": false,
        "saveJson": true,
        "consoleReporter": "spec",
        "useInlineDiffs": false,
        "code": true
      },
      "version": "6.3.1"
    },
    "marge": {
      "options": {
        "id": "default",
        "reporterDir": "mochawesome-report",
        "quiet": true,
        "overwrite": false,
        "html": false,
        "json": true
      },
      "version": "5.2.0"
    }
  }
}